   1               		.file	"rev4.c"
   2               	__SP_H__ = 0x3e
   3               	__SP_L__ = 0x3d
   4               	__SREG__ = 0x3f
   5               	__tmp_reg__ = 0
   6               	__zero_reg__ = 1
   7               		.text
   8               	.Ltext0:
   9               		.cfi_sections	.debug_frame
  10               	.Letext0:
  11               		.file 1 "/usr/lib/avr/include/stdint.h"
  12               		.file 2 "../../tmk_core/protocol/lufa/LUFA-git/LUFA/Drivers/USB/Core/USBTask.h"
DEFINED SYMBOLS
                            *ABS*:0000000000000000 rev4.c
     /tmp/ccws13yr.s:2      *ABS*:000000000000003e __SP_H__
     /tmp/ccws13yr.s:3      *ABS*:000000000000003d __SP_L__
     /tmp/ccws13yr.s:4      *ABS*:000000000000003f __SREG__
     /tmp/ccws13yr.s:5      *ABS*:0000000000000000 __tmp_reg__
     /tmp/ccws13yr.s:6      *ABS*:0000000000000001 __zero_reg__

NO UNDEFINED SYMBOLS
